<?xml version="1.0" encoding="utf-8"?><testsuites name="pytest tests"><testsuite name="pytest" errors="0" failures="0" skipped="1" tests="119" time="99.178" timestamp="2026-06-13T18:16:13.024085+00:00" hostname="agent-env-1d01d085-5c00-4000-90b5-3bd44439b7b5"><testcase classname="tests.test_doppelcrush" name="test_root_health" time="0.187" /><testcase classname="tests.test_doppelcrush" name="test_signup_returns_token_and_referral" time="0.289" /><testcase classname="tests.test_doppelcrush" name="test_login_success" time="0.296" /><testcase classname="tests.test_doppelcrush" name="test_login_wrong_password" time="0.277" /><testcase classname="tests.test_doppelcrush" name="test_auth_me_returns_user_without_secrets" time="0.048" /><testcase classname="tests.test_doppelcrush" name="test_auth_me_requires_token" time="0.049" /><testcase classname="tests.test_doppelcrush" name="test_endpoints_require_auth" time="0.231" /><testcase classname="tests.test_doppelcrush" name="test_onboarding_sets_user_fields" time="0.077" /><testcase classname="tests.test_doppelcrush" name="test_patch_mode_toggles" time="0.151" /><testcase classname="tests.test_doppelcrush" name="test_discover_doppel_ranking" time="0.055" /><testcase classname="tests.test_doppelcrush" name="test_discover_chaos_ordering" time="0.053" /><testcase classname="tests.test_doppelcrush" name="test_looking_for_filter_everyone" time="0.378" /><testcase classname="tests.test_doppelcrush" name="test_swipe_pass_no_match" time="0.101" /><testcase classname="tests.test_doppelcrush" name="test_swipe_like_seed_auto_match_and_excluded" time="0.168" /><testcase classname="tests.test_doppelcrush" name="test_matches_list" time="0.054" /><testcase classname="tests.test_doppelcrush" name="test_share_increments_counter" time="0.152" /><testcase classname="tests.test_doppelcrush" name="test_referral_valid_and_invalid" time="0.097" /><testcase classname="tests.test_doppelcrush" name="test_signup_with_ref_increments_inviter" time="0.381" /><testcase classname="tests.test_iteration2" name="test_stats_requires_auth" time="0.109" /><testcase classname="tests.test_iteration2" name="test_stats_returns_expected_keys" time="0.379" /><testcase classname="tests.test_iteration2" name="test_signup_with_ref_increments_inviter_stats" time="0.643" /><testcase classname="tests.test_iteration2" name="test_share_kind_story_accepted_and_increments" time="0.153" /><testcase classname="tests.test_iteration2" name="test_share_kind_square_accepted_and_increments" time="0.158" /><testcase classname="tests.test_iteration2" name="test_share_invalid_kind_rejected" time="0.048" /><testcase classname="tests.test_iteration2" name="test_compare_endpoints_require_auth" time="0.138" /><testcase classname="tests.test_iteration2" name="test_create_compare_returns_id_host_is_participant" time="0.096" /><testcase classname="tests.test_iteration2" name="test_join_compare_adds_user_idempotently" time="0.548" /><testcase classname="tests.test_iteration2" name="test_join_missing_room_returns_404" time="0.051" /><testcase classname="tests.test_iteration2" name="test_get_compare_auto_joins_viewer" time="0.428" /><testcase classname="tests.test_iteration2" name="test_get_compare_single_participant_no_pairs" time="0.524" /><testcase classname="tests.test_iteration2" name="test_get_compare_three_participants_pair_count_and_ordering" time="0.202" /><testcase classname="tests.test_iteration2" name="test_get_compare_missing_room_returns_404" time="0.048" /><testcase classname="tests.test_iteration3.TestUploadSelfie" name="test_upload_requires_auth" time="0.121" /><testcase classname="tests.test_iteration3.TestUploadSelfie" name="test_upload_rejects_unsupported_extension" time="0.390" /><testcase classname="tests.test_iteration3.TestUploadSelfie" name="test_upload_rejects_oversize_file" time="0.339" /><testcase classname="tests.test_iteration3.TestUploadSelfie" name="test_upload_jpeg_success_and_download" time="0.549" /><testcase classname="tests.test_iteration3.TestUploadSelfie" name="test_upload_png_success" time="0.456" /><testcase classname="tests.test_iteration3.TestUploadSelfie" name="test_files_404_on_unknown_path" time="0.046" /><testcase classname="tests.test_iteration3.TestSwipeMatchId" name="test_like_seed_returns_match_id" time="0.104" /><testcase classname="tests.test_iteration3.TestGetMatch" name="test_requires_auth" time="0.046" /><testcase classname="tests.test_iteration3.TestGetMatch" name="test_get_match_returns_profile" time="0.048" /><testcase classname="tests.test_iteration3.TestGetMatch" name="test_unknown_match_id_404" time="0.048" /><testcase classname="tests.test_iteration3.TestGetMatch" name="test_foreign_user_cannot_access_match" time="0.383" /><testcase classname="tests.test_iteration3.TestMessages" name="test_list_messages_requires_auth" time="0.045" /><testcase classname="tests.test_iteration3.TestMessages" name="test_send_message_requires_auth" time="0.044" /><testcase classname="tests.test_iteration3.TestMessages" name="test_send_message_creates_two_with_seed_auto_reply" time="0.546" /><testcase classname="tests.test_iteration3.TestMessages" name="test_messages_marked_read_after_listing" time="0.052" /><testcase classname="tests.test_iteration3.TestMessages" name="test_since_filter_returns_only_newer" time="0.991" /><testcase classname="tests.test_iteration3.TestMessages" name="test_foreign_user_send_message_404" time="0.051" /><testcase classname="tests.test_iteration3.TestMessages" name="test_foreign_user_list_messages_404" time="0.050" /><testcase classname="tests.test_iteration4.TestMath" name="test_l2_normalise_unit_norm" time="0.000" /><testcase classname="tests.test_iteration4.TestMath" name="test_cosine_sim_identical" time="0.000" /><testcase classname="tests.test_iteration4.TestMath" name="test_cosine_sim_mismatched_dims" time="0.000" /><testcase classname="tests.test_iteration4.TestMath" name="test_cosine_sim_empty" time="0.001" /><testcase classname="tests.test_iteration4.TestMath" name="test_twin_energy_faceapi_high" time="0.000" /><testcase classname="tests.test_iteration4.TestMath" name="test_twin_energy_faceapi_low" time="0.000" /><testcase classname="tests.test_iteration4.TestMath" name="test_twin_energy_synthetic_mid" time="0.000" /><testcase classname="tests.test_iteration4.TestMath" name="test_chaos_score_outside_synthetic_band_is_zero" time="0.000" /><testcase classname="tests.test_iteration4.TestMath" name="test_chaos_score_inside_synthetic_band_positive" time="0.002" /><testcase classname="tests.test_iteration4.TestOnboardingVectorStore" name="test_onboarding_creates_face_embedding_row" time="0.489" /><testcase classname="tests.test_iteration4.TestOnboardingVectorStore" name="test_re_onboarding_upserts_no_duplicate" time="0.610" /><testcase classname="tests.test_iteration4.TestOnboardingVectorStore" name="test_seed_profiles_have_face_embeddings" time="0.006" /><testcase classname="tests.test_iteration4.TestDiscover" name="test_unauth_401" time="0.100" /><testcase classname="tests.test_iteration4.TestDiscover" name="test_doppel_shape_and_sort" time="0.561" /><testcase classname="tests.test_iteration4.TestDiscover" name="test_chaos_band_exclusion" time="0.589" /><testcase classname="tests.test_iteration4.TestDiscover" name="test_excludes_self_and_swiped" time="0.771" /><testcase classname="tests.test_iteration4.TestDiscover" name="test_looking_for_women_only" time="0.543" /><testcase classname="tests.test_iteration4.TestDiscover" name="test_looking_for_men_only" time="0.633" /><testcase classname="tests.test_iteration4.TestDiscover" name="test_looking_for_everyone_returns_mix" time="0.588" /><testcase classname="tests.test_iteration4.TestDiscover" name="test_low_quality_user_excluded_for_others" time="1.054" /><testcase classname="tests.test_iteration4.TestPatchMe" name="test_patch_updates_embedding_in_vector_store" time="20.701" /><testcase classname="tests.test_iteration4.TestPatchMe" name="test_patch_without_embedding_leaves_it_untouched" time="0.623" /><testcase classname="tests.test_iteration4.TestDeleteMe" name="test_delete_removes_user_and_embedding_and_invalidates_token" time="0.793" /><testcase classname="tests.test_iteration4.TestAuthGating" name="test_endpoint_requires_auth[get-/discover]" time="0.099" /><testcase classname="tests.test_iteration4.TestAuthGating" name="test_endpoint_requires_auth[post-/onboarding]" time="0.102" /><testcase classname="tests.test_iteration4.TestAuthGating" name="test_endpoint_requires_auth[patch-/me]" time="0.116" /><testcase classname="tests.test_iteration4.TestAuthGating" name="test_endpoint_requires_auth[delete-/me]" time="0.106" /><testcase classname="tests.test_iteration4.TestAuthGating" name="test_endpoint_requires_auth[get-/auth/me]" time="0.113" /><testcase classname="tests.test_iteration4.TestAuthGating" name="test_endpoint_requires_auth[get-/me/stats]" time="0.130" /><testcase classname="tests.test_iteration6.TestTwinShare" name="test_public_no_auth_returns_teaser" time="0.603" /><testcase classname="tests.test_iteration6.TestTwinShare" name="test_no_leak_of_sensitive_fields" time="0.103" /><testcase classname="tests.test_iteration6.TestTwinShare" name="test_unknown_user_returns_invalid" time="0.099" /><testcase classname="tests.test_iteration6.TestTwinShare" name="test_non_onboarded_returns_invalid" time="0.437" /><testcase classname="tests.test_iteration6.TestSignupTwinIdCompareRoom" name="test_signup_with_twin_id_creates_room_for_both" time="19.980" /><testcase classname="tests.test_iteration6.TestSignupTwinIdCompareRoom" name="test_signup_with_bad_twin_id_still_succeeds" time="0.592" /><testcase classname="tests.test_iteration6.TestSignupTwinIdCompareRoom" name="test_signup_with_ref_and_twin_increments_inviter" time="0.676" /><testcase classname="tests.test_iteration6.TestCompareRoomsAuth" name="test_requires_auth" time="0.113" /><testcase classname="tests.test_iteration6.TestMatchingModule" name="test_pgvectorstore_importable_and_stub" time="0.002" /><testcase classname="tests.test_iteration6.TestMatchingModule" name="test_mongo_vector_store_filters_min_quality" time="0.208" /><testcase classname="tests.test_iteration6.TestWebSocketRoute" name="test_ws_route_registered" time="0.659" /><testcase classname="tests.test_iteration7.TestLifespanSeed" name="test_seed_users_visible_via_discover" time="0.695" /><testcase classname="tests.test_iteration7.TestLifespanSeed" name="test_seed_users_have_names" time="0.194" /><testcase classname="tests.test_iteration7.TestRegressionAuth" name="test_signup" time="0.527" /><testcase classname="tests.test_iteration7.TestRegressionAuth" name="test_login" time="0.512" /><testcase classname="tests.test_iteration7.TestRegressionAuth" name="test_me" time="0.136" /><testcase classname="tests.test_iteration7.TestRegressionMatching" name="test_discover" time="0.139" /><testcase classname="tests.test_iteration7.TestRegressionMatching" name="test_swipe_like_creates_match_with_seed" time="0.291" /><testcase classname="tests.test_iteration7.TestRegressionMatching" name="test_matches_list_and_detail" time="0.129" /><testcase classname="tests.test_iteration7.TestRegressionMatching" name="test_messages_post_and_get" time="0.143"><skipped type="pytest.skip" message="No matches available to test messages">/app/backend/tests/test_iteration7.py:175: No matches available to test messages</skipped></testcase><testcase classname="tests.test_iteration7.TestRegressionMeStats" name="test_me_stats" time="0.169" /><testcase classname="tests.test_iteration7.TestRegressionMeStats" name="test_me_unread" time="1.185" /><testcase classname="tests.test_iteration7.TestRegressionReferral" name="test_referral_valid" time="0.126" /><testcase classname="tests.test_iteration7.TestRegressionReferral" name="test_referral_invalid" time="0.119" /><testcase classname="tests.test_iteration7.TestRegressionCompare" name="test_create_and_get_compare" time="0.292" /><testcase classname="tests.test_iteration7.TestShareKinds" name="test_new_share_kinds_accepted[whatsapp]" time="0.393" /><testcase classname="tests.test_iteration7.TestShareKinds" name="test_new_share_kinds_accepted[x]" time="0.402" /><testcase classname="tests.test_iteration7.TestShareKinds" name="test_new_share_kinds_accepted[instagram]" time="0.354" /><testcase classname="tests.test_iteration7.TestShareKinds" name="test_new_share_kinds_accepted[threads]" time="0.435" /><testcase classname="tests.test_iteration7.TestShareKinds" name="test_new_share_kinds_accepted[invite_card]" time="0.348" /><testcase classname="tests.test_iteration7.TestShareKinds" name="test_legacy_share_kinds_still_accepted" time="0.642" /><testcase classname="tests.test_iteration7.TestShareKinds" name="test_invalid_share_kind_422" time="0.119" /><testcase classname="tests.test_iteration7.TestOgTwinImage" name="test_returns_png_for_seed" time="0.573" /><testcase classname="tests.test_iteration7.TestOgTwinImage" name="test_returns_404_for_unknown" time="0.138" /><testcase classname="tests.test_iteration7.TestOgTwinImage" name="test_returns_404_for_non_onboarded" time="0.541" /><testcase classname="tests.test_iteration7.TestTwinSharePage" name="test_returns_html_with_og_tags_for_real_user" time="0.141" /><testcase classname="tests.test_iteration7.TestTwinSharePage" name="test_returns_html_with_generic_fallback_for_unknown_user" time="0.141" /><testcase classname="tests.test_iteration7.TestTwinSharePage" name="test_og_url_uses_forwarded_host" time="0.123" /><testcase classname="tests.test_iteration7.TestRateLimits" name="test_twin_teaser_30_per_min" time="1.796" /><testcase classname="tests.test_iteration7.TestRateLimits" name="test_og_image_60_per_min" time="24.936" /></testsuite></testsuites>