<?xml version="1.0" encoding="utf-8"?><testsuites name="pytest tests"><testsuite name="pytest" errors="0" failures="0" skipped="0" tests="18" time="4.352" timestamp="2026-06-13T17:01:14.693276+00:00" hostname="agent-env-1d01d085-5c00-4000-90b5-3bd44439b7b5"><testcase classname="backend.tests.test_iteration3.TestUploadSelfie" name="test_upload_requires_auth" time="0.139" /><testcase classname="backend.tests.test_iteration3.TestUploadSelfie" name="test_upload_rejects_unsupported_extension" time="0.369" /><testcase classname="backend.tests.test_iteration3.TestUploadSelfie" name="test_upload_rejects_oversize_file" time="0.325" /><testcase classname="backend.tests.test_iteration3.TestUploadSelfie" name="test_upload_jpeg_success_and_download" time="0.445" /><testcase classname="backend.tests.test_iteration3.TestUploadSelfie" name="test_upload_png_success" time="0.511" /><testcase classname="backend.tests.test_iteration3.TestUploadSelfie" name="test_files_404_on_unknown_path" time="0.048" /><testcase classname="backend.tests.test_iteration3.TestSwipeMatchId" name="test_like_seed_returns_match_id" time="0.119" /><testcase classname="backend.tests.test_iteration3.TestGetMatch" name="test_requires_auth" time="0.040" /><testcase classname="backend.tests.test_iteration3.TestGetMatch" name="test_get_match_returns_profile" time="0.085" /><testcase classname="backend.tests.test_iteration3.TestGetMatch" name="test_unknown_match_id_404" time="0.042" /><testcase classname="backend.tests.test_iteration3.TestGetMatch" name="test_foreign_user_cannot_access_match" time="0.358" /><testcase classname="backend.tests.test_iteration3.TestMessages" name="test_list_messages_requires_auth" time="0.046" /><testcase classname="backend.tests.test_iteration3.TestMessages" name="test_send_message_requires_auth" time="0.044" /><testcase classname="backend.tests.test_iteration3.TestMessages" name="test_send_message_creates_two_with_seed_auto_reply" time="0.545" /><testcase classname="backend.tests.test_iteration3.TestMessages" name="test_messages_marked_read_after_listing" time="0.045" /><testcase classname="backend.tests.test_iteration3.TestMessages" name="test_since_filter_returns_only_newer" time="0.977" /><testcase classname="backend.tests.test_iteration3.TestMessages" name="test_foreign_user_send_message_404" time="0.044" /><testcase classname="backend.tests.test_iteration3.TestMessages" name="test_foreign_user_list_messages_404" time="0.082" /></testsuite></testsuites>