<?xml version="1.0" encoding="utf-8"?><testsuites name="pytest tests"><testsuite name="pytest" errors="0" failures="0" skipped="0" tests="29" time="8.535" timestamp="2026-06-13T17:25:16.325456+00:00" hostname="agent-env-1d01d085-5c00-4000-90b5-3bd44439b7b5"><testcase classname="backend.tests.test_iteration4.TestMath" name="test_l2_normalise_unit_norm" time="0.000" /><testcase classname="backend.tests.test_iteration4.TestMath" name="test_cosine_sim_identical" time="0.000" /><testcase classname="backend.tests.test_iteration4.TestMath" name="test_cosine_sim_mismatched_dims" time="0.000" /><testcase classname="backend.tests.test_iteration4.TestMath" name="test_cosine_sim_empty" time="0.000" /><testcase classname="backend.tests.test_iteration4.TestMath" name="test_twin_energy_faceapi_high" time="0.000" /><testcase classname="backend.tests.test_iteration4.TestMath" name="test_twin_energy_faceapi_low" time="0.000" /><testcase classname="backend.tests.test_iteration4.TestMath" name="test_twin_energy_synthetic_mid" time="0.000" /><testcase classname="backend.tests.test_iteration4.TestMath" name="test_chaos_score_outside_synthetic_band_is_zero" time="0.000" /><testcase classname="backend.tests.test_iteration4.TestMath" name="test_chaos_score_inside_synthetic_band_positive" time="0.000" /><testcase classname="backend.tests.test_iteration4.TestOnboardingVectorStore" name="test_onboarding_creates_face_embedding_row" time="0.605" /><testcase classname="backend.tests.test_iteration4.TestOnboardingVectorStore" name="test_re_onboarding_upserts_no_duplicate" time="0.619" /><testcase classname="backend.tests.test_iteration4.TestOnboardingVectorStore" name="test_seed_profiles_have_face_embeddings" time="0.003" /><testcase classname="backend.tests.test_iteration4.TestDiscover" name="test_unauth_401" time="0.112" /><testcase classname="backend.tests.test_iteration4.TestDiscover" name="test_doppel_shape_and_sort" time="0.538" /><testcase classname="backend.tests.test_iteration4.TestDiscover" name="test_chaos_band_exclusion" time="0.551" /><testcase classname="backend.tests.test_iteration4.TestDiscover" name="test_excludes_self_and_swiped" time="0.778" /><testcase classname="backend.tests.test_iteration4.TestDiscover" name="test_looking_for_women_only" time="0.550" /><testcase classname="backend.tests.test_iteration4.TestDiscover" name="test_looking_for_men_only" time="0.570" /><testcase classname="backend.tests.test_iteration4.TestDiscover" name="test_looking_for_everyone_returns_mix" time="0.525" /><testcase classname="backend.tests.test_iteration4.TestDiscover" name="test_low_quality_user_excluded_for_others" time="0.975" /><testcase classname="backend.tests.test_iteration4.TestPatchMe" name="test_patch_updates_embedding_in_vector_store" time="0.545" /><testcase classname="backend.tests.test_iteration4.TestPatchMe" name="test_patch_without_embedding_leaves_it_untouched" time="0.601" /><testcase classname="backend.tests.test_iteration4.TestDeleteMe" name="test_delete_removes_user_and_embedding_and_invalidates_token" time="0.745" /><testcase classname="backend.tests.test_iteration4.TestAuthGating" name="test_endpoint_requires_auth[get-/discover]" time="0.098" /><testcase classname="backend.tests.test_iteration4.TestAuthGating" name="test_endpoint_requires_auth[post-/onboarding]" time="0.107" /><testcase classname="backend.tests.test_iteration4.TestAuthGating" name="test_endpoint_requires_auth[patch-/me]" time="0.107" /><testcase classname="backend.tests.test_iteration4.TestAuthGating" name="test_endpoint_requires_auth[delete-/me]" time="0.094" /><testcase classname="backend.tests.test_iteration4.TestAuthGating" name="test_endpoint_requires_auth[get-/auth/me]" time="0.095" /><testcase classname="backend.tests.test_iteration4.TestAuthGating" name="test_endpoint_requires_auth[get-/me/stats]" time="0.127" /></testsuite></testsuites>