<?xml version="1.0" encoding="utf-8"?><testsuites name="pytest tests"><testsuite name="pytest" errors="0" failures="0" skipped="0" tests="14" time="3.638" timestamp="2026-06-13T16:46:33.857305+00:00" hostname="agent-env-1d01d085-5c00-4000-90b5-3bd44439b7b5"><testcase classname="backend.tests.test_iteration2" name="test_stats_requires_auth" time="0.232" /><testcase classname="backend.tests.test_iteration2" name="test_stats_returns_expected_keys" time="0.372" /><testcase classname="backend.tests.test_iteration2" name="test_signup_with_ref_increments_inviter_stats" time="0.373" /><testcase classname="backend.tests.test_iteration2" name="test_share_kind_story_accepted_and_increments" time="0.181" /><testcase classname="backend.tests.test_iteration2" name="test_share_kind_square_accepted_and_increments" time="0.132" /><testcase classname="backend.tests.test_iteration2" name="test_share_invalid_kind_rejected" time="0.042" /><testcase classname="backend.tests.test_iteration2" name="test_compare_endpoints_require_auth" time="0.168" /><testcase classname="backend.tests.test_iteration2" name="test_create_compare_returns_id_host_is_participant" time="0.095" /><testcase classname="backend.tests.test_iteration2" name="test_join_compare_adds_user_idempotently" time="0.535" /><testcase classname="backend.tests.test_iteration2" name="test_join_missing_room_returns_404" time="0.044" /><testcase classname="backend.tests.test_iteration2" name="test_get_compare_auto_joins_viewer" time="0.405" /><testcase classname="backend.tests.test_iteration2" name="test_get_compare_single_participant_no_pairs" time="0.505" /><testcase classname="backend.tests.test_iteration2" name="test_get_compare_three_participants_pair_count_and_ordering" time="0.183" /><testcase classname="backend.tests.test_iteration2" name="test_get_compare_missing_room_returns_404" time="0.045" /></testsuite></testsuites>