<?xml version="1.0" encoding="utf-8"?><testsuites name="pytest tests"><testsuite name="pytest" errors="0" failures="0" skipped="1" tests="29" time="34.049" timestamp="2026-06-13T18:15:31.310868+00:00" hostname="agent-env-1d01d085-5c00-4000-90b5-3bd44439b7b5"><testcase classname="tests.test_iteration7.TestLifespanSeed" name="test_seed_users_visible_via_discover" time="0.691" /><testcase classname="tests.test_iteration7.TestLifespanSeed" name="test_seed_users_have_names" time="0.106" /><testcase classname="tests.test_iteration7.TestRegressionAuth" name="test_signup" time="0.365" /><testcase classname="tests.test_iteration7.TestRegressionAuth" name="test_login" time="0.360" /><testcase classname="tests.test_iteration7.TestRegressionAuth" name="test_me" time="0.124" /><testcase classname="tests.test_iteration7.TestRegressionMatching" name="test_discover" time="0.112" /><testcase classname="tests.test_iteration7.TestRegressionMatching" name="test_swipe_like_creates_match_with_seed" time="0.226" /><testcase classname="tests.test_iteration7.TestRegressionMatching" name="test_matches_list_and_detail" time="0.146" /><testcase classname="tests.test_iteration7.TestRegressionMatching" name="test_messages_post_and_get" time="0.114"><skipped type="pytest.skip" message="No matches available to test messages">/app/backend/tests/test_iteration7.py:175: No matches available to test messages</skipped></testcase><testcase classname="tests.test_iteration7.TestRegressionMeStats" name="test_me_stats" time="0.114" /><testcase classname="tests.test_iteration7.TestRegressionMeStats" name="test_me_unread" time="0.111" /><testcase classname="tests.test_iteration7.TestRegressionReferral" name="test_referral_valid" time="0.109" /><testcase classname="tests.test_iteration7.TestRegressionReferral" name="test_referral_invalid" time="0.109" /><testcase classname="tests.test_iteration7.TestRegressionCompare" name="test_create_and_get_compare" time="0.212" /><testcase classname="tests.test_iteration7.TestShareKinds" name="test_new_share_kinds_accepted[whatsapp]" time="0.356" /><testcase classname="tests.test_iteration7.TestShareKinds" name="test_new_share_kinds_accepted[x]" time="0.309" /><testcase classname="tests.test_iteration7.TestShareKinds" name="test_new_share_kinds_accepted[instagram]" time="0.332" /><testcase classname="tests.test_iteration7.TestShareKinds" name="test_new_share_kinds_accepted[threads]" time="0.332" /><testcase classname="tests.test_iteration7.TestShareKinds" name="test_new_share_kinds_accepted[invite_card]" time="0.321" /><testcase classname="tests.test_iteration7.TestShareKinds" name="test_legacy_share_kinds_still_accepted" time="0.621" /><testcase classname="tests.test_iteration7.TestShareKinds" name="test_invalid_share_kind_422" time="0.111" /><testcase classname="tests.test_iteration7.TestOgTwinImage" name="test_returns_png_for_seed" time="0.613" /><testcase classname="tests.test_iteration7.TestOgTwinImage" name="test_returns_404_for_unknown" time="0.114" /><testcase classname="tests.test_iteration7.TestOgTwinImage" name="test_returns_404_for_non_onboarded" time="0.454" /><testcase classname="tests.test_iteration7.TestTwinSharePage" name="test_returns_html_with_og_tags_for_real_user" time="0.106" /><testcase classname="tests.test_iteration7.TestTwinSharePage" name="test_returns_html_with_generic_fallback_for_unknown_user" time="0.112" /><testcase classname="tests.test_iteration7.TestTwinSharePage" name="test_og_url_uses_forwarded_host" time="0.097" /><testcase classname="tests.test_iteration7.TestRateLimits" name="test_twin_teaser_30_per_min" time="1.772" /><testcase classname="tests.test_iteration7.TestRateLimits" name="test_og_image_60_per_min" time="25.168" /></testsuite></testsuites>