<?xml version="1.0" encoding="utf-8"?><testsuites name="pytest tests"><testsuite name="pytest" errors="0" failures="0" skipped="0" tests="11" time="3.384" timestamp="2026-06-13T17:41:34.874479+00:00" hostname="agent-env-1d01d085-5c00-4000-90b5-3bd44439b7b5"><testcase classname="tests.test_iteration6.TestTwinShare" name="test_public_no_auth_returns_teaser" time="0.659" /><testcase classname="tests.test_iteration6.TestTwinShare" name="test_no_leak_of_sensitive_fields" time="0.103" /><testcase classname="tests.test_iteration6.TestTwinShare" name="test_unknown_user_returns_invalid" time="0.111" /><testcase classname="tests.test_iteration6.TestTwinShare" name="test_non_onboarded_returns_invalid" time="0.472" /><testcase classname="tests.test_iteration6.TestSignupTwinIdCompareRoom" name="test_signup_with_twin_id_creates_room_for_both" time="0.549" /><testcase classname="tests.test_iteration6.TestSignupTwinIdCompareRoom" name="test_signup_with_bad_twin_id_still_succeeds" time="0.428" /><testcase classname="tests.test_iteration6.TestSignupTwinIdCompareRoom" name="test_signup_with_ref_and_twin_increments_inviter" time="0.577" /><testcase classname="tests.test_iteration6.TestCompareRoomsAuth" name="test_requires_auth" time="0.096" /><testcase classname="tests.test_iteration6.TestMatchingModule" name="test_pgvectorstore_importable_and_stub" time="0.001" /><testcase classname="tests.test_iteration6.TestMatchingModule" name="test_mongo_vector_store_filters_min_quality" time="0.110" /><testcase classname="tests.test_iteration6.TestWebSocketRoute" name="test_ws_route_registered" time="0.189" /></testsuite></testsuites>