<?xml version="1.0" encoding="utf-8"?><testsuites name="pytest tests"><testsuite name="pytest" errors="0" failures="0" skipped="0" tests="18" time="3.250" timestamp="2026-06-12T20:02:38.249507+00:00" hostname="agent-env-1d01d085-5c00-4000-90b5-3bd44439b7b5"><testcase classname="backend.tests.test_doppelcrush" name="test_root_health" time="0.224" /><testcase classname="backend.tests.test_doppelcrush" name="test_signup_returns_token_and_referral" time="0.274" /><testcase classname="backend.tests.test_doppelcrush" name="test_login_success" time="0.279" /><testcase classname="backend.tests.test_doppelcrush" name="test_login_wrong_password" time="0.272" /><testcase classname="backend.tests.test_doppelcrush" name="test_auth_me_returns_user_without_secrets" time="0.044" /><testcase classname="backend.tests.test_doppelcrush" name="test_auth_me_requires_token" time="0.044" /><testcase classname="backend.tests.test_doppelcrush" name="test_endpoints_require_auth" time="0.230" /><testcase classname="backend.tests.test_doppelcrush" name="test_onboarding_sets_user_fields" time="0.062" /><testcase classname="backend.tests.test_doppelcrush" name="test_patch_mode_toggles" time="0.145" /><testcase classname="backend.tests.test_doppelcrush" name="test_discover_doppel_ranking" time="0.053" /><testcase classname="backend.tests.test_doppelcrush" name="test_discover_chaos_ordering" time="0.046" /><testcase classname="backend.tests.test_doppelcrush" name="test_looking_for_filter_everyone" time="0.371" /><testcase classname="backend.tests.test_doppelcrush" name="test_swipe_pass_no_match" time="0.102" /><testcase classname="backend.tests.test_doppelcrush" name="test_swipe_like_seed_auto_match_and_excluded" time="0.146" /><testcase classname="backend.tests.test_doppelcrush" name="test_matches_list" time="0.045" /><testcase classname="backend.tests.test_doppelcrush" name="test_share_increments_counter" time="0.207" /><testcase classname="backend.tests.test_doppelcrush" name="test_referral_valid_and_invalid" time="0.094" /><testcase classname="backend.tests.test_doppelcrush" name="test_signup_with_ref_increments_inviter" time="0.397" /></testsuite></testsuites>